<?xml version="1.0" encoding="UTF-8"?>
<!-- Generated by org.testng.reporters.JUnitXMLReporter -->
<testsuite ignored="0" hostname="DESKTOP-K2QB92J" failures="1" tests="5" name="HomePage" time="4.175" errors="0" timestamp="2024-05-09T15:46:01 IST">
  <testcase classname="PageTests.HomePageTest" name="checkLoginButtonText" time="0.037"/>
  <testcase classname="PageTests.HomePageTest" name="checkHeaderText" time="0.022"/>
  <testcase classname="PageTests.HomePageTest" name="clickOnLogin" time="0.381"/>
  <testcase classname="PageTests.HomePageTest" name="checkLogin" time="0.158"/>
  <testcase classname="PageTests.HomePageTest" name="checkLoginFuntion" time="1.329">
    <failure type="java.lang.AssertionError" message="expected [iLovePDF | Online PDF tools for PDF lovers] but found [iLovePDF, login to your account]">
      <![CDATA[java.lang.AssertionError: expected [iLovePDF | Online PDF tools for PDF lovers] but found [iLovePDF, login to your account]
at PageTests.HomePageTest.checkLoginFuntion(HomePageTest.java:52)
at java.base/java.util.ArrayList.forEach(ArrayList.java:1511)
... Removed 33 stack frames]]>
    </failure>
  </testcase> <!-- checkLoginFuntion -->
</testsuite> <!-- HomePage -->
