<?xml version="1.0" encoding="UTF-8"?>
<!-- Generated by org.testng.reporters.JUnitXMLReporter -->
<testsuite ignored="0" hostname="DESKTOP-K2QB92J" failures="1" tests="2" name="Default test" time="15.139" errors="0" timestamp="2024-05-09T18:15:34 IST">
  <testcase classname="io.cucumber.testng.AbstractTestNGCucumberTests" name="runScenario" time="2.114">
    <failure type="java.lang.NullPointerException" message="Cannot invoke &amp;quot;org.openqa.selenium.SearchContext.findElement(org.openqa.selenium.By)&amp;quot; because &amp;quot;this.searchContext&amp;quot; is null">
      <![CDATA[java.lang.NullPointerException: Cannot invoke "org.openqa.selenium.SearchContext.findElement(org.openqa.selenium.By)" because "this.searchContext" is null
at org.openqa.selenium.support.pagefactory.DefaultElementLocator.findElement(DefaultElementLocator.java:68)
at org.openqa.selenium.support.pagefactory.internal.LocatingElementHandler.invoke(LocatingElementHandler.java:38)
at jdk.proxy2/jdk.proxy2.$Proxy22.getText(Unknown Source)
at PageObjects.HomePage.fetchButtonText(HomePage.java:42)
at stepDefinition.StepDefinitionImplementation.i_verify_the_text_of_the_login_button_is_equal_to_login(StepDefinitionImplementation.java:34)
at âœ½.I verify the text of the Login button is equal to "Login"(file:///C:/Users/Dank/git/iLovePDFAutomationFramework/iLovePDFAutomation/src/test/java/cucumber/HomePage.feature:12)
]]>
    </failure>
  </testcase> <!-- runScenario -->
  <testcase classname="io.cucumber.testng.AbstractTestNGCucumberTests" name="runScenario" time="12.442"/>
</testsuite> <!-- Default test -->
